<?xml version="1.0" encoding="UTF-8"?>
<!-- Generated by org.testng.reporters.JUnitXMLReporter -->
<testsuite ignored="0" hostname="DESKTOP-8NQUGLF" failures="0" tests="6" name="Default test" time="48.105" errors="0" timestamp="2022-10-08T15:18:51 IST">
  <testcase classname="UnitTest.Test_Altoro" name="altoroLogin_Negative" time="6.849"/>
  <testcase classname="UnitTest.Test_Altoro" name="altoroLogin_Positive" time="3.449"/>
  <testcase classname="UnitTest.Test_Altoro" name="altoro_ViewAccountBalance" time="4.541"/>
  <testcase classname="UnitTest.Test_Altoro" name="altoro_FundTransfer" time="8.151"/>
  <testcase classname="UnitTest.Test_Altoro" name="altoro_ViewRecentTransaction" time="5.676"/>
  <testcase classname="UnitTest.Test_Altoro" name="contactUs" time="5.462"/>
</testsuite> <!-- Default test -->
