<?xml version="1.0" encoding="UTF-8"?>
<testng-results ignored="0" total="6" passed="6" failed="0" skipped="0">
  <reporter-output>
  </reporter-output>
  <suite started-at="2022-10-08T15:18:03 IST" name="Default suite" finished-at="2022-10-08T15:18:51 IST" duration-ms="48105">
    <groups>
    </groups>
    <test started-at="2022-10-08T15:18:03 IST" name="Default test" finished-at="2022-10-08T15:18:51 IST" duration-ms="48105">
      <class name="UnitTest.Test_Altoro">
        <test-method is-config="true" signature="testInitialization()[pri:0, instance:UnitTest.Test_Altoro@7bd7d6d6]" started-at="2022-10-08T15:18:03 IST" name="testInitialization" finished-at="2022-10-08T15:18:13 IST" duration-ms="10224" status="PASS">
          <reporter-output>
          </reporter-output>
        </test-method> <!-- testInitialization -->
        <test-method signature="altoroLogin_Negative()[pri:1, instance:UnitTest.Test_Altoro@7bd7d6d6]" started-at="2022-10-08T15:18:13 IST" name="altoroLogin_Negative" finished-at="2022-10-08T15:18:20 IST" duration-ms="6849" status="PASS">
          <reporter-output>
          </reporter-output>
        </test-method> <!-- altoroLogin_Negative -->
        <test-method signature="altoroLogin_Positive()[pri:2, instance:UnitTest.Test_Altoro@7bd7d6d6]" started-at="2022-10-08T15:18:20 IST" name="altoroLogin_Positive" finished-at="2022-10-08T15:18:23 IST" duration-ms="3449" status="PASS">
          <reporter-output>
          </reporter-output>
        </test-method> <!-- altoroLogin_Positive -->
        <test-method signature="altoro_ViewAccountBalance()[pri:3, instance:UnitTest.Test_Altoro@7bd7d6d6]" started-at="2022-10-08T15:18:23 IST" name="altoro_ViewAccountBalance" finished-at="2022-10-08T15:18:28 IST" duration-ms="4541" status="PASS">
          <reporter-output>
          </reporter-output>
        </test-method> <!-- altoro_ViewAccountBalance -->
        <test-method signature="altoro_FundTransfer()[pri:4, instance:UnitTest.Test_Altoro@7bd7d6d6]" started-at="2022-10-08T15:18:28 IST" name="altoro_FundTransfer" finished-at="2022-10-08T15:18:36 IST" duration-ms="8151" status="PASS">
          <reporter-output>
          </reporter-output>
        </test-method> <!-- altoro_FundTransfer -->
        <test-method signature="altoro_ViewRecentTransaction()[pri:5, instance:UnitTest.Test_Altoro@7bd7d6d6]" started-at="2022-10-08T15:18:36 IST" name="altoro_ViewRecentTransaction" finished-at="2022-10-08T15:18:42 IST" duration-ms="5676" status="PASS">
          <reporter-output>
          </reporter-output>
        </test-method> <!-- altoro_ViewRecentTransaction -->
        <test-method signature="contactUs()[pri:6, instance:UnitTest.Test_Altoro@7bd7d6d6]" started-at="2022-10-08T15:18:42 IST" name="contactUs" finished-at="2022-10-08T15:18:47 IST" duration-ms="5462" status="PASS">
          <reporter-output>
          </reporter-output>
        </test-method> <!-- contactUs -->
        <test-method is-config="true" signature="OnTestFinish()[pri:0, instance:UnitTest.Test_Altoro@7bd7d6d6]" started-at="2022-10-08T15:18:47 IST" name="OnTestFinish" finished-at="2022-10-08T15:18:51 IST" duration-ms="3601" status="PASS">
          <reporter-output>
          </reporter-output>
        </test-method> <!-- OnTestFinish -->
      </class> <!-- UnitTest.Test_Altoro -->
    </test> <!-- Default test -->
  </suite> <!-- Default suite -->
</testng-results>
